Base path: D:/Program Files (x86)/Unity/Editor/Data
Cmd: getPlatforms
Cmd: preprocess
  insize=3183 outsize=321 ok=1
Cmd: preprocess
  insize=3064 outsize=411 ok=1
Cmd: preprocess
  insize=2611 outsize=295 ok=1
Cmd: preprocess
  insize=2709 outsize=391 ok=1
Cmd: preprocess
  insize=3736 outsize=374 ok=1
Cmd: preprocess
  insize=6067 outsize=1842 ok=1
Cmd: preprocess
  insize=2264 outsize=298 ok=1
Cmd: preprocess
  insize=32277 outsize=1540 ok=1
Cmd: preprocess
  insize=2724 outsize=1368 ok=1
Cmd: preprocess
  insize=7323 outsize=838 ok=1
Cmd: preprocess
  insize=983 outsize=298 ok=1
Cmd: preprocess
  insize=6706 outsize=494 ok=1
Cmd: preprocess
  insize=1933 outsize=300 ok=1
Cmd: preprocess
  insize=11362 outsize=680 ok=1
Cmd: preprocess
  insize=4286 outsize=558 ok=1
Cmd: preprocess
  insize=2235 outsize=1056 ok=1
Cmd: preprocess
  insize=1715 outsize=368 ok=1
Cmd: preprocess
  insize=3427 outsize=243 ok=1
Cmd: preprocess
  insize=3208 outsize=1526 ok=1
Cmd: preprocess
  insize=1978 outsize=955 ok=1
Cmd: compileCompute
  api=4 insize=2341 outsize=1365 ok=1
Unhandled exception: Protocol error - failed to read correct magic number

Quitting shader compiler process
